<?xml version="1.0" encoding="UTF-8"?>
<!-- Generated by org.testng.reporters.JUnitXMLReporter -->
<testsuite ignored="2" hostname="VIKAS" failures="0" tests="1" name="EdgeAutomation" time="0.266" errors="0" timestamp="2026-01-25T11:00:04 IST">
  <testcase classname="com.eva.vtiger.testscripts.ContactsTestScript" name="verifyDeleteContacts" time="0.0">
    <skipped/>
  </testcase> <!-- verifyDeleteContacts -->
  <testcase classname="com.eva.vtiger.testscripts.ContactsTestScript" name="verifyUpdateContacts" time="0.0">
    <ignored/>
  </testcase> <!-- verifyUpdateContacts -->
  <testcase classname="com.eva.vtiger.testscripts.ContactsTestScript" name="verifyContactCreation" time="0.0">
    <ignored/>
  </testcase> <!-- verifyContactCreation -->
</testsuite> <!-- EdgeAutomation -->
