<?xml version="1.0" encoding="UTF-8"?>
<!-- Generated by org.testng.reporters.JUnitXMLReporter -->
<testsuite ignored="0" hostname="VIKAS" failures="0" tests="3" name="FirefoxAutomation" time="37.458" errors="0" timestamp="2026-01-29T16:15:45 IST">
  <testcase classname="com.eva.vtiger.testscripts.ContactsTestScript" name="verifyContactCreation" time="0.0">
    <skipped/>
  </testcase> <!-- verifyContactCreation -->
  <testcase classname="com.eva.vtiger.testscripts.ContactsTestScript" name="verifyDeleteContacts" time="0.0">
    <skipped/>
  </testcase> <!-- verifyDeleteContacts -->
  <testcase classname="com.eva.vtiger.testscripts.ContactsTestScript" name="verifyUpdateContacts" time="0.0">
    <skipped/>
  </testcase> <!-- verifyUpdateContacts -->
</testsuite> <!-- FirefoxAutomation -->
