<?xml version="1.0" encoding="UTF-8"?>
<!-- Generated by org.testng.reporters.JUnitXMLReporter -->
<testsuite ignored="2" hostname="VIKAS" failures="0" tests="1" name="TestVtigeronChrome" time="0.147" errors="0" timestamp="2026-01-24T10:02:37 IST">
  <testcase classname="com.eva.vtiger.runner.Base" name="@BeforeMethod common" time="0.029">
    <failure type="java.lang.NullPointerException" message="Cannot invoke &amp;quot;org.openqa.selenium.WebDriver.manage()&amp;quot; because &amp;quot;this.driver&amp;quot; is null">
      <![CDATA[java.lang.NullPointerException: Cannot invoke "org.openqa.selenium.WebDriver.manage()" because "this.driver" is null
at com.eva.vtiger.utils.WebUtil.maximize(WebUtil.java:659)
at com.eva.vtiger.utils.WebUtil.openLoginPage(WebUtil.java:59)
at com.eva.vtiger.runner.Base.common(Base.java:46)
at java.base/java.util.ArrayList.forEach(ArrayList.java:1596)
... Removed 29 stack frames]]>
    </failure>
  </testcase> <!-- @BeforeMethod common -->
  <testcase classname="com.eva.vtiger.runner.Base" name="@AfterMethod ClosePage" time="0.005">
    <failure type="java.lang.NullPointerException" message="Cannot invoke &amp;quot;org.openqa.selenium.TakesScreenshot.getScreenshotAs(org.openqa.selenium.OutputType)&amp;quot; because &amp;quot;tss&amp;quot; is null">
      <![CDATA[java.lang.NullPointerException: Cannot invoke "org.openqa.selenium.TakesScreenshot.getScreenshotAs(org.openqa.selenium.OutputType)" because "tss" is null
at com.eva.vtiger.utils.WebUtil.takeScreenShot(WebUtil.java:921)
at com.eva.vtiger.runner.Base.ClosePage(Base.java:51)
at java.base/java.util.ArrayList.forEach(ArrayList.java:1596)
... Removed 30 stack frames]]>
    </failure>
  </testcase> <!-- @AfterMethod ClosePage -->
  <testcase classname="com.eva.vtiger.testscripts.ContactsTestScript" name="verifyDeleteContacts" time="0.001">
    <skipped/>
  </testcase> <!-- verifyDeleteContacts -->
  <testcase classname="com.eva.vtiger.testscripts.ContactsTestScript" name="verifyContactCreation" time="0.0">
    <ignored/>
  </testcase> <!-- verifyContactCreation -->
  <testcase classname="com.eva.vtiger.testscripts.ContactsTestScript" name="verifyUpdateContacts" time="0.0">
    <ignored/>
  </testcase> <!-- verifyUpdateContacts -->
</testsuite> <!-- TestVtigeronChrome -->
